{"__type":"$$EventMessageAudit","id":"cc4cd9d0-df76-4ff5-a717-726dc84a2352","ts":"2025-09-24T21:44:23.156+00:00","eventName":"n8n.audit.workflow.created","message":"n8n.audit.workflow.created","payload":{"userId":"09091620-62ab-4b90-81c1-1490b85a3218","_email":"gdemoraesarthur@gmail.com","_firstName":"Arthur","_lastName":"Moraes","globalRole":"global:owner","workflowId":"qMfALXdag3BqiUAa","workflowName":"My workflow"}}
{"__type":"$$EventMessageConfirm","confirm":"cc4cd9d0-df76-4ff5-a717-726dc84a2352","ts":"2025-09-24T21:44:23.173+00:00","source":{"id":"0","name":"eventBus"}}
{"__type":"$$EventMessageWorkflow","id":"973ef6ca-c79c-43c6-98d2-63253e895402","ts":"2025-09-24T21:44:23.310+00:00","eventName":"n8n.workflow.started","message":"n8n.workflow.started","payload":{"executionId":"1","workflowId":"qMfALXdag3BqiUAa","isManual":false,"workflowName":"My workflow"}}
{"__type":"$$EventMessageConfirm","confirm":"973ef6ca-c79c-43c6-98d2-63253e895402","ts":"2025-09-24T21:44:23.310+00:00","source":{"id":"0","name":"eventBus"}}
{"__type":"$$EventMessageNode","id":"c02e8546-d247-4f4a-a3d1-826f81eef2f7","ts":"2025-09-24T21:44:23.313+00:00","eventName":"n8n.node.started","message":"n8n.node.started","payload":{"workflowId":"qMfALXdag3BqiUAa","workflowName":"My workflow","executionId":"1","nodeType":"n8n-nodes-base.manualTrigger","nodeName":"When clicking ‘Test workflow’"}}
{"__type":"$$EventMessageConfirm","confirm":"c02e8546-d247-4f4a-a3d1-826f81eef2f7","ts":"2025-09-24T21:44:23.313+00:00","source":{"id":"0","name":"eventBus"}}
{"__type":"$$EventMessageNode","id":"431991e2-145c-4262-b4a5-c621c0757f41","ts":"2025-09-24T21:44:23.320+00:00","eventName":"n8n.node.finished","message":"n8n.node.finished","payload":{"workflowId":"qMfALXdag3BqiUAa","workflowName":"My workflow","executionId":"1","nodeType":"n8n-nodes-base.manualTrigger","nodeName":"When clicking ‘Test workflow’"}}
{"__type":"$$EventMessageConfirm","confirm":"431991e2-145c-4262-b4a5-c621c0757f41","ts":"2025-09-24T21:44:23.320+00:00","source":{"id":"0","name":"eventBus"}}
{"__type":"$$EventMessageNode","id":"4c6f32b6-cdbc-428b-86f7-1fa83aef328e","ts":"2025-09-24T21:44:23.321+00:00","eventName":"n8n.node.started","message":"n8n.node.started","payload":{"workflowId":"qMfALXdag3BqiUAa","workflowName":"My workflow","executionId":"1","nodeType":"CUSTOM.random","nodeName":"Random"}}
{"__type":"$$EventMessageConfirm","confirm":"4c6f32b6-cdbc-428b-86f7-1fa83aef328e","ts":"2025-09-24T21:44:23.321+00:00","source":{"id":"0","name":"eventBus"}}
{"__type":"$$EventMessageNode","id":"289c6efd-3a76-4a2a-807d-b00ddbcca8a8","ts":"2025-09-24T21:44:23.770+00:00","eventName":"n8n.node.finished","message":"n8n.node.finished","payload":{"workflowId":"qMfALXdag3BqiUAa","workflowName":"My workflow","executionId":"1","nodeType":"CUSTOM.random","nodeName":"Random"}}
{"__type":"$$EventMessageConfirm","confirm":"289c6efd-3a76-4a2a-807d-b00ddbcca8a8","ts":"2025-09-24T21:44:23.770+00:00","source":{"id":"0","name":"eventBus"}}
{"__type":"$$EventMessageWorkflow","id":"f4ce6920-58fd-49f9-b606-92cdb81f811e","ts":"2025-09-24T21:44:23.776+00:00","eventName":"n8n.workflow.success","message":"n8n.workflow.success","payload":{"executionId":"1","userId":"09091620-62ab-4b90-81c1-1490b85a3218","success":true,"isManual":true,"workflowId":"qMfALXdag3BqiUAa","workflowName":"My workflow"}}
{"__type":"$$EventMessageConfirm","confirm":"f4ce6920-58fd-49f9-b606-92cdb81f811e","ts":"2025-09-24T21:44:23.777+00:00","source":{"id":"0","name":"eventBus"}}
{"__type":"$$EventMessageWorkflow","id":"04a4d157-5354-49da-b687-522262863f65","ts":"2025-09-24T21:44:24.622+00:00","eventName":"n8n.workflow.started","message":"n8n.workflow.started","payload":{"executionId":"2","workflowId":"qMfALXdag3BqiUAa","isManual":false,"workflowName":"My workflow"}}
{"__type":"$$EventMessageConfirm","confirm":"04a4d157-5354-49da-b687-522262863f65","ts":"2025-09-24T21:44:24.622+00:00","source":{"id":"0","name":"eventBus"}}
{"__type":"$$EventMessageNode","id":"250d4128-6a09-4322-ad29-41d008402c6d","ts":"2025-09-24T21:44:24.623+00:00","eventName":"n8n.node.started","message":"n8n.node.started","payload":{"workflowId":"qMfALXdag3BqiUAa","workflowName":"My workflow","executionId":"2","nodeType":"CUSTOM.random","nodeName":"Random"}}
{"__type":"$$EventMessageConfirm","confirm":"250d4128-6a09-4322-ad29-41d008402c6d","ts":"2025-09-24T21:44:24.623+00:00","source":{"id":"0","name":"eventBus"}}
{"__type":"$$EventMessageNode","id":"bd56d444-26a6-4340-a76b-47d26ad051fc","ts":"2025-09-24T21:44:25.014+00:00","eventName":"n8n.node.finished","message":"n8n.node.finished","payload":{"workflowId":"qMfALXdag3BqiUAa","workflowName":"My workflow","executionId":"2","nodeType":"CUSTOM.random","nodeName":"Random"}}
{"__type":"$$EventMessageConfirm","confirm":"bd56d444-26a6-4340-a76b-47d26ad051fc","ts":"2025-09-24T21:44:25.014+00:00","source":{"id":"0","name":"eventBus"}}
{"__type":"$$EventMessageWorkflow","id":"4b7f2e4f-801a-45ef-90dc-07150c54a1be","ts":"2025-09-24T21:44:25.017+00:00","eventName":"n8n.workflow.success","message":"n8n.workflow.success","payload":{"executionId":"2","userId":"09091620-62ab-4b90-81c1-1490b85a3218","success":true,"isManual":true,"workflowId":"qMfALXdag3BqiUAa","workflowName":"My workflow"}}
{"__type":"$$EventMessageConfirm","confirm":"4b7f2e4f-801a-45ef-90dc-07150c54a1be","ts":"2025-09-24T21:44:25.017+00:00","source":{"id":"0","name":"eventBus"}}
