{"__type":"$$EventMessageAudit","id":"07a5c3c2-b5b7-4f78-b3e0-fc05d7b99ccf","ts":"2025-09-24T19:37:35.593+00:00","eventName":"n8n.audit.workflow.created","message":"n8n.audit.workflow.created","payload":{"userId":"bd486067-9473-4d48-bf1b-fd38ee17242f","_email":"gdemoraesarthur@gmail.com","_firstName":"Arthur","_lastName":"Moraes","globalRole":"global:owner","workflowId":"Sfu5vkgbShHuer9Y","workflowName":"My workflow"}}
{"__type":"$$EventMessageConfirm","confirm":"07a5c3c2-b5b7-4f78-b3e0-fc05d7b99ccf","ts":"2025-09-24T19:37:35.611+00:00","source":{"id":"0","name":"eventBus"}}
{"__type":"$$EventMessageWorkflow","id":"63290c6d-7389-49aa-a049-aa3f26ebd8c6","ts":"2025-09-24T19:37:35.745+00:00","eventName":"n8n.workflow.started","message":"n8n.workflow.started","payload":{"executionId":"1","workflowId":"Sfu5vkgbShHuer9Y","isManual":false,"workflowName":"My workflow"}}
{"__type":"$$EventMessageConfirm","confirm":"63290c6d-7389-49aa-a049-aa3f26ebd8c6","ts":"2025-09-24T19:37:35.746+00:00","source":{"id":"0","name":"eventBus"}}
{"__type":"$$EventMessageNode","id":"e798cb9b-2a79-437a-b196-f5d67272c2ae","ts":"2025-09-24T19:37:35.747+00:00","eventName":"n8n.node.started","message":"n8n.node.started","payload":{"workflowId":"Sfu5vkgbShHuer9Y","workflowName":"My workflow","executionId":"1","nodeType":"n8n-nodes-base.manualTrigger","nodeName":"When clicking ‘Test workflow’"}}
{"__type":"$$EventMessageConfirm","confirm":"e798cb9b-2a79-437a-b196-f5d67272c2ae","ts":"2025-09-24T19:37:35.748+00:00","source":{"id":"0","name":"eventBus"}}
{"__type":"$$EventMessageNode","id":"f3772701-21fa-4d11-9537-40bbb7b1c49a","ts":"2025-09-24T19:37:35.753+00:00","eventName":"n8n.node.finished","message":"n8n.node.finished","payload":{"workflowId":"Sfu5vkgbShHuer9Y","workflowName":"My workflow","executionId":"1","nodeType":"n8n-nodes-base.manualTrigger","nodeName":"When clicking ‘Test workflow’"}}
{"__type":"$$EventMessageConfirm","confirm":"f3772701-21fa-4d11-9537-40bbb7b1c49a","ts":"2025-09-24T19:37:35.754+00:00","source":{"id":"0","name":"eventBus"}}
{"__type":"$$EventMessageNode","id":"f1b67e60-108e-49ff-8a97-d4ca311b0e6f","ts":"2025-09-24T19:37:35.754+00:00","eventName":"n8n.node.started","message":"n8n.node.started","payload":{"workflowId":"Sfu5vkgbShHuer9Y","workflowName":"My workflow","executionId":"1","nodeType":"CUSTOM.random","nodeName":"Random"}}
{"__type":"$$EventMessageConfirm","confirm":"f1b67e60-108e-49ff-8a97-d4ca311b0e6f","ts":"2025-09-24T19:37:35.754+00:00","source":{"id":"0","name":"eventBus"}}
{"__type":"$$EventMessageNode","id":"b7b4e3ac-575b-49a6-abe4-c063b60eeb7a","ts":"2025-09-24T19:37:36.228+00:00","eventName":"n8n.node.finished","message":"n8n.node.finished","payload":{"workflowId":"Sfu5vkgbShHuer9Y","workflowName":"My workflow","executionId":"1","nodeType":"CUSTOM.random","nodeName":"Random"}}
{"__type":"$$EventMessageConfirm","confirm":"b7b4e3ac-575b-49a6-abe4-c063b60eeb7a","ts":"2025-09-24T19:37:36.228+00:00","source":{"id":"0","name":"eventBus"}}
{"__type":"$$EventMessageWorkflow","id":"424808c1-69f2-4423-ba8e-ddb7130a1797","ts":"2025-09-24T19:37:36.233+00:00","eventName":"n8n.workflow.failed","message":"n8n.workflow.failed","payload":{"executionId":"1","userId":"bd486067-9473-4d48-bf1b-fd38ee17242f","success":false,"isManual":true,"workflowId":"Sfu5vkgbShHuer9Y","workflowName":"My workflow","lastNodeExecuted":"Random","errorMessage":"response.data.trim is not a function"}}
{"__type":"$$EventMessageConfirm","confirm":"424808c1-69f2-4423-ba8e-ddb7130a1797","ts":"2025-09-24T19:37:36.233+00:00","source":{"id":"0","name":"eventBus"}}
{"__type":"$$EventMessageWorkflow","id":"03c18fb1-5f1c-467e-9a88-ad6025d75d02","ts":"2025-09-24T19:37:56.394+00:00","eventName":"n8n.workflow.started","message":"n8n.workflow.started","payload":{"executionId":"2","workflowId":"Sfu5vkgbShHuer9Y","isManual":false,"workflowName":"My workflow"}}
{"__type":"$$EventMessageConfirm","confirm":"03c18fb1-5f1c-467e-9a88-ad6025d75d02","ts":"2025-09-24T19:37:56.394+00:00","source":{"id":"0","name":"eventBus"}}
{"__type":"$$EventMessageNode","id":"5f6e826f-d417-447a-8ea2-f0f2e0626b7a","ts":"2025-09-24T19:37:56.394+00:00","eventName":"n8n.node.started","message":"n8n.node.started","payload":{"workflowId":"Sfu5vkgbShHuer9Y","workflowName":"My workflow","executionId":"2","nodeType":"CUSTOM.random","nodeName":"Random"}}
{"__type":"$$EventMessageConfirm","confirm":"5f6e826f-d417-447a-8ea2-f0f2e0626b7a","ts":"2025-09-24T19:37:56.395+00:00","source":{"id":"0","name":"eventBus"}}
{"__type":"$$EventMessageNode","id":"1396c9f3-1321-4189-89c5-b7e1cfd4fed7","ts":"2025-09-24T19:37:56.909+00:00","eventName":"n8n.node.finished","message":"n8n.node.finished","payload":{"workflowId":"Sfu5vkgbShHuer9Y","workflowName":"My workflow","executionId":"2","nodeType":"CUSTOM.random","nodeName":"Random"}}
{"__type":"$$EventMessageConfirm","confirm":"1396c9f3-1321-4189-89c5-b7e1cfd4fed7","ts":"2025-09-24T19:37:56.909+00:00","source":{"id":"0","name":"eventBus"}}
{"__type":"$$EventMessageWorkflow","id":"5d59585c-6f0e-4a0e-8476-706643ba84e3","ts":"2025-09-24T19:37:56.911+00:00","eventName":"n8n.workflow.failed","message":"n8n.workflow.failed","payload":{"executionId":"2","userId":"bd486067-9473-4d48-bf1b-fd38ee17242f","success":false,"isManual":true,"workflowId":"Sfu5vkgbShHuer9Y","workflowName":"My workflow","lastNodeExecuted":"Random","errorMessage":"response.data.trim is not a function"}}
{"__type":"$$EventMessageConfirm","confirm":"5d59585c-6f0e-4a0e-8476-706643ba84e3","ts":"2025-09-24T19:37:56.912+00:00","source":{"id":"0","name":"eventBus"}}
